2024-10-06T23:16:46.198+09:00 ERROR 17364 --- [main] o.s.boot.SpringApplication               : Application run failed

software.amazon.awssdk.core.exception.SdkClientException: Unable to load region from any of the providers in the chain software.amazon.awssdk.regions.providers.DefaultAwsRegionProviderChain@591fd34d: [software.amazon.awssdk.regions.providers.SystemSettingsRegionProvider@29a23c3d: Unable to load region from system settings. Region must be specified either via environment variable (AWS_REGION) or  system property (aws.region)., software.amazon.awssdk.regions.providers.AwsProfileRegionProvider@4b6ac111: No region provided in profile: default, software.amazon.awssdk.regions.providers.InstanceProfileRegionProvider@6fe46b62: Unable to contact EC2 metadata service.]
	at software.amazon.awssdk.core.exception.SdkClientException$BuilderImpl.build(SdkClientException.java:111)
	at software.amazon.awssdk.regions.providers.AwsRegionProviderChain.getRegion(AwsRegionProviderChain.java:70)
	at io.awspring.cloud.autoconfigure.config.AbstractAwsConfigDataLocationResolver.configure(AbstractAwsConfigDataLocationResolver.java:148)
	at io.awspring.cloud.autoconfigure.config.parameterstore.ParameterStoreConfigDataLocationResolver.createSimpleSystemManagementClient(ParameterStoreConfigDataLocationResolver.java:88)
	at org.springframework.boot.DefaultBootstrapContext.getInstance(DefaultBootstrapContext.java:119)
	at org.springframework.boot.DefaultBootstrapContext.getOrElseThrow(DefaultBootstrapContext.java:111)
	at org.springframework.boot.DefaultBootstrapContext.get(DefaultBootstrapContext.java:88)
	at io.awspring.cloud.autoconfigure.config.AbstractAwsConfigDataLocationResolver.lambda$registerAndPromoteBean$0(AbstractAwsConfigDataLocationResolver.java:76)
	at org.springframework.context.event.SimpleApplicationEventMulticaster.doInvokeListener(SimpleApplicationEventMulticaster.java:185)
	at org.springframework.context.event.SimpleApplicationEventMulticaster.invokeListener(SimpleApplicationEventMulticaster.java:178)
	at org.springframework.context.event.SimpleApplicationEventMulticaster.multicastEvent(SimpleApplicationEventMulticaster.java:156)
	at org.springframework.context.event.SimpleApplicationEventMulticaster.multicastEvent(SimpleApplicationEventMulticaster.java:138)
	at org.springframework.boot.DefaultBootstrapContext.close(DefaultBootstrapContext.java:133)
	at org.springframework.boot.SpringApplication.prepareContext(SpringApplication.java:402)
	at org.springframework.boot.SpringApplication.run(SpringApplication.java:333)
	at org.springframework.boot.SpringApplication.run(SpringApplication.java:1354)
	at org.springframework.boot.SpringApplication.run(SpringApplication.java:1343)
	at com.project.foradhd.ForadhdApplication.main(ForadhdApplication.java:10)

2024-10-06T23:38:37.754+09:00  INFO 18671 --- [main] com.project.foradhd.ForadhdApplication   : Starting ForadhdApplication using Java 18.0.1.1 with PID 18671 (/Users/leeseohyun02/Desktop/SeoHyun/forA/forAdhd-server/build/classes/java/main started by leeseohyun02 in /Users/leeseohyun02/Desktop/SeoHyun/forA/forAdhd-server)
2024-10-06T23:38:37.756+09:00 DEBUG 18671 --- [main] com.project.foradhd.ForadhdApplication   : Running with Spring Boot v3.2.3, Spring v6.1.4
2024-10-06T23:38:37.757+09:00  INFO 18671 --- [main] com.project.foradhd.ForadhdApplication   : The following 1 profile is active: "dev"
2024-10-06T23:38:39.703+09:00  INFO 18671 --- [main] .s.d.r.c.RepositoryConfigurationDelegate : Multiple Spring Data modules found, entering strict repository configuration mode
2024-10-06T23:38:39.713+09:00  INFO 18671 --- [main] .s.d.r.c.RepositoryConfigurationDelegate : Bootstrapping Spring Data Redis repositories in DEFAULT mode.
2024-10-06T23:38:39.754+09:00  INFO 18671 --- [main] .s.d.r.c.RepositoryConfigurationDelegate : Finished Spring Data repository scanning in 9 ms. Found 0 Redis repository interfaces.
2024-10-06T23:38:40.323+09:00  INFO 18671 --- [main] .s.d.r.c.RepositoryConfigurationDelegate : Multiple Spring Data modules found, entering strict repository configuration mode
2024-10-06T23:38:40.324+09:00  INFO 18671 --- [main] .s.d.r.c.RepositoryConfigurationDelegate : Bootstrapping Spring Data JPA repositories in DEFAULT mode.
2024-10-06T23:38:40.690+09:00  INFO 18671 --- [main] .s.d.r.c.RepositoryConfigurationDelegate : Finished Spring Data repository scanning in 363 ms. Found 30 JPA repository interfaces.
2024-10-06T23:38:40.703+09:00  INFO 18671 --- [main] .s.d.r.c.RepositoryConfigurationDelegate : Multiple Spring Data modules found, entering strict repository configuration mode
2024-10-06T23:38:40.704+09:00  INFO 18671 --- [main] .s.d.r.c.RepositoryConfigurationDelegate : Bootstrapping Spring Data Redis repositories in DEFAULT mode.
2024-10-06T23:38:40.733+09:00  INFO 18671 --- [main] .RepositoryConfigurationExtensionSupport : Spring Data Redis - Could not safely identify store assignment for repository candidate interface com.project.foradhd.domain.auth.persistence.repository.AuthPasswordRepository; If you want this repository to be a Redis repository, consider annotating your entities with one of these annotations: org.springframework.data.redis.core.RedisHash (preferred), or consider extending one of the following types with your repository: org.springframework.data.keyvalue.repository.KeyValueRepository
2024-10-06T23:38:40.733+09:00  INFO 18671 --- [main] .RepositoryConfigurationExtensionSupport : Spring Data Redis - Could not safely identify store assignment for repository candidate interface com.project.foradhd.domain.auth.persistence.repository.AuthSocialLoginRepository; If you want this repository to be a Redis repository, consider annotating your entities with one of these annotations: org.springframework.data.redis.core.RedisHash (preferred), or consider extending one of the following types with your repository: org.springframework.data.keyvalue.repository.KeyValueRepository
2024-10-06T23:38:40.734+09:00  INFO 18671 --- [main] .RepositoryConfigurationExtensionSupport : Spring Data Redis - Could not safely identify store assignment for repository candidate interface com.project.foradhd.domain.board.persistence.repository.CommentLikeFilterRepository; If you want this repository to be a Redis repository, consider annotating your entities with one of these annotations: org.springframework.data.redis.core.RedisHash (preferred), or consider extending one of the following types with your repository: org.springframework.data.keyvalue.repository.KeyValueRepository
2024-10-06T23:38:40.734+09:00  INFO 18671 --- [main] .RepositoryConfigurationExtensionSupport : Spring Data Redis - Could not safely identify store assignment for repository candidate interface com.project.foradhd.domain.board.persistence.repository.CommentRepository; If you want this repository to be a Redis repository, consider annotating your entities with one of these annotations: org.springframework.data.redis.core.RedisHash (preferred), or consider extending one of the following types with your repository: org.springframework.data.keyvalue.repository.KeyValueRepository
2024-10-06T23:38:40.735+09:00  INFO 18671 --- [main] .RepositoryConfigurationExtensionSupport : Spring Data Redis - Could not safely identify store assignment for repository candidate interface com.project.foradhd.domain.board.persistence.repository.NotificationRepository; If you want this repository to be a Redis repository, consider annotating your entities with one of these annotations: org.springframework.data.redis.core.RedisHash (preferred), or consider extending one of the following types with your repository: org.springframework.data.keyvalue.repository.KeyValueRepository
2024-10-06T23:38:40.735+09:00  INFO 18671 --- [main] .RepositoryConfigurationExtensionSupport : Spring Data Redis - Could not safely identify store assignment for repository candidate interface com.project.foradhd.domain.board.persistence.repository.PostLikeFilterRepository; If you want this repository to be a Redis repository, consider annotating your entities with one of these annotations: org.springframework.data.redis.core.RedisHash (preferred), or consider extending one of the following types with your repository: org.springframework.data.keyvalue.repository.KeyValueRepository
2024-10-06T23:38:40.735+09:00  INFO 18671 --- [main] .RepositoryConfigurationExtensionSupport : Spring Data Redis - Could not safely identify store assignment for repository candidate interface com.project.foradhd.domain.board.persistence.repository.PostRepository; If you want this repository to be a Redis repository, consider annotating your entities with one of these annotations: org.springframework.data.redis.core.RedisHash (preferred), or consider extending one of the following types with your repository: org.springframework.data.keyvalue.repository.KeyValueRepository
2024-10-06T23:38:40.736+09:00  INFO 18671 --- [main] .RepositoryConfigurationExtensionSupport : Spring Data Redis - Could not safely identify store assignment for repository candidate interface com.project.foradhd.domain.board.persistence.repository.PostScrapFilterRepository; If you want this repository to be a Redis repository, consider annotating your entities with one of these annotations: org.springframework.data.redis.core.RedisHash (preferred), or consider extending one of the following types with your repository: org.springframework.data.keyvalue.repository.KeyValueRepository
2024-10-06T23:38:40.736+09:00  INFO 18671 --- [main] .RepositoryConfigurationExtensionSupport : Spring Data Redis - Could not safely identify store assignment for repository candidate interface com.project.foradhd.domain.board.persistence.repository.PostSearchHistoryRepository; If you want this repository to be a Redis repository, consider annotating your entities with one of these annotations: org.springframework.data.redis.core.RedisHash (preferred), or consider extending one of the following types with your repository: org.springframework.data.keyvalue.repository.KeyValueRepository
2024-10-06T23:38:40.736+09:00  INFO 18671 --- [main] .RepositoryConfigurationExtensionSupport : Spring Data Redis - Could not safely identify store assignment for repository candidate interface com.project.foradhd.domain.hospital.persistence.repository.DoctorRepository; If you want this repository to be a Redis repository, consider annotating your entities with one of these annotations: org.springframework.data.redis.core.RedisHash (preferred), or consider extending one of the following types with your repository: org.springframework.data.keyvalue.repository.KeyValueRepository
2024-10-06T23:38:40.736+09:00  INFO 18671 --- [main] .RepositoryConfigurationExtensionSupport : Spring Data Redis - Could not safely identify store assignment for repository candidate interface com.project.foradhd.domain.hospital.persistence.repository.HospitalBookmarkRepository; If you want this repository to be a Redis repository, consider annotating your entities with one of these annotations: org.springframework.data.redis.core.RedisHash (preferred), or consider extending one of the following types with your repository: org.springframework.data.keyvalue.repository.KeyValueRepository
2024-10-06T23:38:40.737+09:00  INFO 18671 --- [main] .RepositoryConfigurationExtensionSupport : Spring Data Redis - Could not safely identify store assignment for repository candidate interface com.project.foradhd.domain.hospital.persistence.repository.HospitalEvaluationAnswerRepository; If you want this repository to be a Redis repository, consider annotating your entities with one of these annotations: org.springframework.data.redis.core.RedisHash (preferred), or consider extending one of the following types with your repository: org.springframework.data.keyvalue.repository.KeyValueRepository
2024-10-06T23:38:40.737+09:00  INFO 18671 --- [main] .RepositoryConfigurationExtensionSupport : Spring Data Redis - Could not safely identify store assignment for repository candidate interface com.project.foradhd.domain.hospital.persistence.repository.HospitalEvaluationQuestionRepository; If you want this repository to be a Redis repository, consider annotating your entities with one of these annotations: org.springframework.data.redis.core.RedisHash (preferred), or consider extending one of the following types with your repository: org.springframework.data.keyvalue.repository.KeyValueRepository
2024-10-06T23:38:40.738+09:00  INFO 18671 --- [main] .RepositoryConfigurationExtensionSupport : Spring Data Redis - Could not safely identify store assignment for repository candidate interface com.project.foradhd.domain.hospital.persistence.repository.HospitalEvaluationReviewRepository; If you want this repository to be a Redis repository, consider annotating your entities with one of these annotations: org.springframework.data.redis.core.RedisHash (preferred), or consider extending one of the following types with your repository: org.springframework.data.keyvalue.repository.KeyValueRepository
2024-10-06T23:38:40.738+09:00  INFO 18671 --- [main] .RepositoryConfigurationExtensionSupport : Spring Data Redis - Could not safely identify store assignment for repository candidate interface com.project.foradhd.domain.hospital.persistence.repository.HospitalReceiptReviewHelpRepository; If you want this repository to be a Redis repository, consider annotating your entities with one of these annotations: org.springframework.data.redis.core.RedisHash (preferred), or consider extending one of the following types with your repository: org.springframework.data.keyvalue.repository.KeyValueRepository
2024-10-06T23:38:40.738+09:00  INFO 18671 --- [main] .RepositoryConfigurationExtensionSupport : Spring Data Redis - Could not safely identify store assignment for repository candidate interface com.project.foradhd.domain.hospital.persistence.repository.HospitalReceiptReviewRepository; If you want this repository to be a Redis repository, consider annotating your entities with one of these annotations: org.springframework.data.redis.core.RedisHash (preferred), or consider extending one of the following types with your repository: org.springframework.data.keyvalue.repository.KeyValueRepository
2024-10-06T23:38:40.739+09:00  INFO 18671 --- [main] .RepositoryConfigurationExtensionSupport : Spring Data Redis - Could not safely identify store assignment for repository candidate interface com.project.foradhd.domain.hospital.persistence.repository.HospitalRepository; If you want this repository to be a Redis repository, consider annotating your entities with one of these annotations: org.springframework.data.redis.core.RedisHash (preferred), or consider extending one of the following types with your repository: org.springframework.data.keyvalue.repository.KeyValueRepository
2024-10-06T23:38:40.739+09:00  INFO 18671 --- [main] .RepositoryConfigurationExtensionSupport : Spring Data Redis - Could not safely identify store assignment for repository candidate interface com.project.foradhd.domain.medicine.persistence.repository.MedicineBookmarkRepository; If you want this repository to be a Redis repository, consider annotating your entities with one of these annotations: org.springframework.data.redis.core.RedisHash (preferred), or consider extending one of the following types with your repository: org.springframework.data.keyvalue.repository.KeyValueRepository
2024-10-06T23:38:40.739+09:00  INFO 18671 --- [main] .RepositoryConfigurationExtensionSupport : Spring Data Redis - Could not safely identify store assignment for repository candidate interface com.project.foradhd.domain.medicine.persistence.repository.MedicineRepository; If you want this repository to be a Redis repository, consider annotating your entities with one of these annotations: org.springframework.data.redis.core.RedisHash (preferred), or consider extending one of the following types with your repository: org.springframework.data.keyvalue.repository.KeyValueRepository
2024-10-06T23:38:40.739+09:00  INFO 18671 --- [main] .RepositoryConfigurationExtensionSupport : Spring Data Redis - Could not safely identify store assignment for repository candidate interface com.project.foradhd.domain.medicine.persistence.repository.MedicineReviewLikeRepository; If you want this repository to be a Redis repository, consider annotating your entities with one of these annotations: org.springframework.data.redis.core.RedisHash (preferred), or consider extending one of the following types with your repository: org.springframework.data.keyvalue.repository.KeyValueRepository
2024-10-06T23:38:40.740+09:00  INFO 18671 --- [main] .RepositoryConfigurationExtensionSupport : Spring Data Redis - Could not safely identify store assignment for repository candidate interface com.project.foradhd.domain.medicine.persistence.repository.MedicineReviewRepository; If you want this repository to be a Redis repository, consider annotating your entities with one of these annotations: org.springframework.data.redis.core.RedisHash (preferred), or consider extending one of the following types with your repository: org.springframework.data.keyvalue.repository.KeyValueRepository
2024-10-06T23:38:40.740+09:00  INFO 18671 --- [main] .RepositoryConfigurationExtensionSupport : Spring Data Redis - Could not safely identify store assignment for repository candidate interface com.project.foradhd.domain.medicine.persistence.repository.MedicineSearchHistoryRepository; If you want this repository to be a Redis repository, consider annotating your entities with one of these annotations: org.springframework.data.redis.core.RedisHash (preferred), or consider extending one of the following types with your repository: org.springframework.data.keyvalue.repository.KeyValueRepository
2024-10-06T23:38:40.740+09:00  INFO 18671 --- [main] .RepositoryConfigurationExtensionSupport : Spring Data Redis - Could not safely identify store assignment for repository candidate interface com.project.foradhd.domain.user.persistence.repository.PushNotificationApprovalRepository; If you want this repository to be a Redis repository, consider annotating your entities with one of these annotations: org.springframework.data.redis.core.RedisHash (preferred), or consider extending one of the following types with your repository: org.springframework.data.keyvalue.repository.KeyValueRepository
2024-10-06T23:38:40.741+09:00  INFO 18671 --- [main] .RepositoryConfigurationExtensionSupport : Spring Data Redis - Could not safely identify store assignment for repository candidate interface com.project.foradhd.domain.user.persistence.repository.TermsRepository; If you want this repository to be a Redis repository, consider annotating your entities with one of these annotations: org.springframework.data.redis.core.RedisHash (preferred), or consider extending one of the following types with your repository: org.springframework.data.keyvalue.repository.KeyValueRepository
2024-10-06T23:38:40.741+09:00  INFO 18671 --- [main] .RepositoryConfigurationExtensionSupport : Spring Data Redis - Could not safely identify store assignment for repository candidate interface com.project.foradhd.domain.user.persistence.repository.UserDeviceRepository; If you want this repository to be a Redis repository, consider annotating your entities with one of these annotations: org.springframework.data.redis.core.RedisHash (preferred), or consider extending one of the following types with your repository: org.springframework.data.keyvalue.repository.KeyValueRepository
2024-10-06T23:38:40.742+09:00  INFO 18671 --- [main] .RepositoryConfigurationExtensionSupport : Spring Data Redis - Could not safely identify store assignment for repository candidate interface com.project.foradhd.domain.user.persistence.repository.UserPrivacyRepository; If you want this repository to be a Redis repository, consider annotating your entities with one of these annotations: org.springframework.data.redis.core.RedisHash (preferred), or consider extending one of the following types with your repository: org.springframework.data.keyvalue.repository.KeyValueRepository
2024-10-06T23:38:40.742+09:00  INFO 18671 --- [main] .RepositoryConfigurationExtensionSupport : Spring Data Redis - Could not safely identify store assignment for repository candidate interface com.project.foradhd.domain.user.persistence.repository.UserProfileRepository; If you want this repository to be a Redis repository, consider annotating your entities with one of these annotations: org.springframework.data.redis.core.RedisHash (preferred), or consider extending one of the following types with your repository: org.springframework.data.keyvalue.repository.KeyValueRepository
2024-10-06T23:38:40.742+09:00  INFO 18671 --- [main] .RepositoryConfigurationExtensionSupport : Spring Data Redis - Could not safely identify store assignment for repository candidate interface com.project.foradhd.domain.user.persistence.repository.UserPushNotificationApprovalRepository; If you want this repository to be a Redis repository, consider annotating your entities with one of these annotations: org.springframework.data.redis.core.RedisHash (preferred), or consider extending one of the following types with your repository: org.springframework.data.keyvalue.repository.KeyValueRepository
2024-10-06T23:38:40.743+09:00  INFO 18671 --- [main] .RepositoryConfigurationExtensionSupport : Spring Data Redis - Could not safely identify store assignment for repository candidate interface com.project.foradhd.domain.user.persistence.repository.UserRepository; If you want this repository to be a Redis repository, consider annotating your entities with one of these annotations: org.springframework.data.redis.core.RedisHash (preferred), or consider extending one of the following types with your repository: org.springframework.data.keyvalue.repository.KeyValueRepository
2024-10-06T23:38:40.743+09:00  INFO 18671 --- [main] .RepositoryConfigurationExtensionSupport : Spring Data Redis - Could not safely identify store assignment for repository candidate interface com.project.foradhd.domain.user.persistence.repository.UserTermsApprovalRepository; If you want this repository to be a Redis repository, consider annotating your entities with one of these annotations: org.springframework.data.redis.core.RedisHash (preferred), or consider extending one of the following types with your repository: org.springframework.data.keyvalue.repository.KeyValueRepository
2024-10-06T23:38:40.743+09:00  INFO 18671 --- [main] .s.d.r.c.RepositoryConfigurationDelegate : Finished Spring Data repository scanning in 38 ms. Found 0 Redis repository interfaces.
2024-10-06T23:38:41.058+09:00  WARN 18671 --- [main] o.m.s.mapper.ClassPathMapperScanner      : Cannot use both: sqlSessionTemplate and sqlSessionFactory together. sqlSessionFactory is ignored.
2024-10-06T23:38:41.245+09:00  INFO 18671 --- [main] o.s.cloud.context.scope.GenericScope     : BeanFactory id=0393b9d1-098f-36d8-bb04-aec06c525adf
2024-10-06T23:38:41.348+09:00  INFO 18671 --- [main] ptablePropertiesBeanFactoryPostProcessor : Post-processing PropertySource instances
2024-10-06T23:38:41.348+09:00  INFO 18671 --- [main] c.u.j.EncryptablePropertySourceConverter : Skipping PropertySource configurationProperties [class org.springframework.boot.context.properties.source.ConfigurationPropertySourcesPropertySource
2024-10-06T23:38:41.350+09:00  INFO 18671 --- [main] c.u.j.EncryptablePropertySourceConverter : Skipping PropertySource servletConfigInitParams [class org.springframework.core.env.PropertySource$StubPropertySource
2024-10-06T23:38:41.350+09:00  INFO 18671 --- [main] c.u.j.EncryptablePropertySourceConverter : Skipping PropertySource servletContextInitParams [class org.springframework.core.env.PropertySource$StubPropertySource
2024-10-06T23:38:41.351+09:00  INFO 18671 --- [main] c.u.j.EncryptablePropertySourceConverter : Converting PropertySource systemProperties [org.springframework.core.env.PropertiesPropertySource] to EncryptableMapPropertySourceWrapper
2024-10-06T23:38:41.351+09:00  INFO 18671 --- [main] c.u.j.EncryptablePropertySourceConverter : Converting PropertySource systemEnvironment [org.springframework.boot.env.SystemEnvironmentPropertySourceEnvironmentPostProcessor$OriginAwareSystemEnvironmentPropertySource] to EncryptableSystemEnvironmentPropertySourceWrapper
2024-10-06T23:38:41.351+09:00  INFO 18671 --- [main] c.u.j.EncryptablePropertySourceConverter : Converting PropertySource random [org.springframework.boot.env.RandomValuePropertySource] to EncryptablePropertySourceWrapper
2024-10-06T23:38:41.351+09:00  INFO 18671 --- [main] c.u.j.EncryptablePropertySourceConverter : Converting PropertySource cachedrandom [org.springframework.cloud.util.random.CachedRandomPropertySource] to EncryptablePropertySourceWrapper
2024-10-06T23:38:41.351+09:00  INFO 18671 --- [main] c.u.j.EncryptablePropertySourceConverter : Converting PropertySource springCloudClientHostInfo [org.springframework.core.env.MapPropertySource] to EncryptableMapPropertySourceWrapper
2024-10-06T23:38:41.351+09:00  INFO 18671 --- [main] c.u.j.EncryptablePropertySourceConverter : Converting PropertySource Config resource 'class path resource [application.yml]' via location 'optional:classpath:/' (document #3) [org.springframework.boot.env.OriginTrackedMapPropertySource] to EncryptableMapPropertySourceWrapper
2024-10-06T23:38:41.351+09:00  INFO 18671 --- [main] c.u.j.EncryptablePropertySourceConverter : Converting PropertySource Config resource 'class path resource [application-oauth2.yml]' via location 'application-oauth2.yml' [org.springframework.boot.env.OriginTrackedMapPropertySource] to EncryptableMapPropertySourceWrapper
2024-10-06T23:38:41.351+09:00  INFO 18671 --- [main] c.u.j.EncryptablePropertySourceConverter : Converting PropertySource Config resource 'class path resource [application.yml]' via location 'optional:classpath:/' (document #0) [org.springframework.boot.env.OriginTrackedMapPropertySource] to EncryptableMapPropertySourceWrapper
2024-10-06T23:38:41.577+09:00  INFO 18671 --- [main] c.u.j.filter.DefaultLazyPropertyFilter   : Property Filter custom Bean not found with name 'encryptablePropertyFilter'. Initializing Default Property Filter
2024-10-06T23:38:41.587+09:00  INFO 18671 --- [main] c.u.j.r.DefaultLazyPropertyResolver      : Property Resolver custom Bean not found with name 'encryptablePropertyResolver'. Initializing Default Property Resolver
2024-10-06T23:38:41.589+09:00  INFO 18671 --- [main] c.u.j.d.DefaultLazyPropertyDetector      : Property Detector custom Bean not found with name 'encryptablePropertyDetector'. Initializing Default Property Detector
2024-10-06T23:38:41.935+09:00  INFO 18671 --- [main] o.s.b.w.embedded.tomcat.TomcatWebServer  : Tomcat initialized with port 8080 (http)
2024-10-06T23:38:41.948+09:00  INFO 18671 --- [main] o.apache.catalina.core.StandardService   : Starting service [Tomcat]
2024-10-06T23:38:41.948+09:00  INFO 18671 --- [main] o.apache.catalina.core.StandardEngine    : Starting Servlet engine: [Apache Tomcat/10.1.19]
2024-10-06T23:38:42.046+09:00  INFO 18671 --- [main] o.a.c.c.C.[Tomcat].[localhost].[/]       : Initializing Spring embedded WebApplicationContext
2024-10-06T23:38:42.047+09:00  INFO 18671 --- [main] w.s.c.ServletWebServerApplicationContext : Root WebApplicationContext: initialization completed in 4217 ms
2024-10-06T23:38:42.361+09:00  INFO 18671 --- [main] o.hibernate.jpa.internal.util.LogHelper  : HHH000204: Processing PersistenceUnitInfo [name: default]
2024-10-06T23:38:42.422+09:00  INFO 18671 --- [main] org.hibernate.Version                    : HHH000412: Hibernate ORM core version 6.4.4.Final
2024-10-06T23:38:42.434+09:00  INFO 18671 --- [main] o.h.spatial.integration.SpatialService   : HHH80000001: hibernate-spatial integration enabled : true
2024-10-06T23:38:42.456+09:00  INFO 18671 --- [main] o.h.c.internal.RegionFactoryInitiator    : HHH000026: Second-level cache disabled
2024-10-06T23:38:42.628+09:00  INFO 18671 --- [main] com.zaxxer.hikari.HikariDataSource       : HikariPool-1 - Starting...
2024-10-06T23:38:43.342+09:00  INFO 18671 --- [main] com.zaxxer.hikari.pool.HikariPool        : HikariPool-1 - Added connection com.mysql.cj.jdbc.ConnectionImpl@3fad8636
2024-10-06T23:38:43.345+09:00  INFO 18671 --- [main] com.zaxxer.hikari.HikariDataSource       : HikariPool-1 - Start completed.
2024-10-06T23:38:43.421+09:00  WARN 18671 --- [main] org.hibernate.orm.deprecation            : HHH90000025: MySQLDialect does not need to be specified explicitly using 'hibernate.dialect' (remove the property setting and it will be selected by default)
2024-10-06T23:38:43.444+09:00  INFO 18671 --- [main] org.hibernate.spatial                    : HHH80000003: hibernate-spatial adding type contributions from : org.hibernate.spatial.dialect.mysql.MySQLDialectContributor
2024-10-06T23:38:43.591+09:00  INFO 18671 --- [main] o.s.o.j.p.SpringPersistenceUnitInfo      : No LoadTimeWeaver setup: ignoring JPA class transformer
2024-10-06T23:38:43.600+09:00 DEBUG 18671 --- [main] o.h.t.d.sql.spi.DdlTypeRegistry          : addDescriptor(12, org.hibernate.type.descriptor.sql.internal.CapacityDependentDdlType@76219fe) replaced previous registration(org.hibernate.type.descriptor.sql.internal.CapacityDependentDdlType@5eff5e4c)
2024-10-06T23:38:43.600+09:00 DEBUG 18671 --- [main] o.h.t.d.sql.spi.DdlTypeRegistry          : addDescriptor(-9, org.hibernate.type.descriptor.sql.internal.CapacityDependentDdlType@2fe2fcc2) replaced previous registration(org.hibernate.type.descriptor.sql.internal.CapacityDependentDdlType@69926b6e)
2024-10-06T23:38:43.600+09:00 DEBUG 18671 --- [main] o.h.t.d.sql.spi.DdlTypeRegistry          : addDescriptor(-3, org.hibernate.type.descriptor.sql.internal.CapacityDependentDdlType@7ea8224b) replaced previous registration(org.hibernate.type.descriptor.sql.internal.CapacityDependentDdlType@5a010eec)
2024-10-06T23:38:43.601+09:00 DEBUG 18671 --- [main] o.h.t.d.sql.spi.DdlTypeRegistry          : addDescriptor(4003, org.hibernate.type.descriptor.sql.internal.DdlTypeImpl@623ded82) replaced previous registration(org.hibernate.type.descriptor.sql.internal.DdlTypeImpl@180e33b0)
2024-10-06T23:38:43.601+09:00 DEBUG 18671 --- [main] o.h.t.d.sql.spi.DdlTypeRegistry          : addDescriptor(4001, org.hibernate.type.descriptor.sql.internal.DdlTypeImpl@270be080) replaced previous registration(org.hibernate.type.descriptor.sql.internal.DdlTypeImpl@752ffce3)
2024-10-06T23:38:43.601+09:00 DEBUG 18671 --- [main] o.h.t.d.sql.spi.DdlTypeRegistry          : addDescriptor(4002, org.hibernate.type.descriptor.sql.internal.DdlTypeImpl@78f35e39) replaced previous registration(org.hibernate.type.descriptor.sql.internal.DdlTypeImpl@11896124)
2024-10-06T23:38:43.601+09:00 DEBUG 18671 --- [main] o.h.t.d.sql.spi.DdlTypeRegistry          : addDescriptor(2004, org.hibernate.type.descriptor.sql.internal.CapacityDependentDdlType@69fe8c75) replaced previous registration(org.hibernate.type.descriptor.sql.internal.DdlTypeImpl@633cad4d)
2024-10-06T23:38:43.601+09:00 DEBUG 18671 --- [main] o.h.t.d.sql.spi.DdlTypeRegistry          : addDescriptor(2005, org.hibernate.type.descriptor.sql.internal.CapacityDependentDdlType@15c3585) replaced previous registration(org.hibernate.type.descriptor.sql.internal.DdlTypeImpl@5b86f4cb)
2024-10-06T23:38:43.601+09:00 DEBUG 18671 --- [main] o.h.t.d.sql.spi.DdlTypeRegistry          : addDescriptor(2011, org.hibernate.type.descriptor.sql.internal.CapacityDependentDdlType@468646ea) replaced previous registration(org.hibernate.type.descriptor.sql.internal.DdlTypeImpl@4056cdb2)
2024-10-06T23:38:43.605+09:00  INFO 18671 --- [main] org.hibernate.spatial                    : HHH80000003: hibernate-spatial adding type contributions from : org.hibernate.spatial.dialect.mysql.MySQLDialectContributor
2024-10-06T23:38:44.045+09:00  INFO 18671 --- [main] org.hibernate.spatial                    : HHH80000004: hibernate-spatial adding function contributions from : org.hibernate.spatial.dialect.mysql.MySQLDialectContributor
2024-10-06T23:38:44.778+09:00  INFO 18671 --- [main] o.h.e.t.j.p.i.JtaPlatformInitiator       : HHH000489: No JTA platform available (set 'hibernate.transaction.jta.platform' to enable JTA platform integration)
2024-10-06T23:38:44.933+09:00  INFO 18671 --- [main] p6spy                                    : #1728225524933 | took 11ms | statement | connection 1| url jdbc:mysql://for-a.c1k4eskqyxui.ap-northeast-2.rds.amazonaws.com/forA?serverTimezone=Asia/Seoul&characterEncoding=UTF-8
select * from `forA`.`user` where 1=0
select * from `forA`.`user` where 1=0;
2024-10-06T23:38:44.978+09:00  INFO 18671 --- [main] p6spy                                    : #1728225524978 | took 8ms | statement | connection 1| url jdbc:mysql://for-a.c1k4eskqyxui.ap-northeast-2.rds.amazonaws.com/forA?serverTimezone=Asia/Seoul&characterEncoding=UTF-8
select * from `forA`.`user` where 1=0
select * from `forA`.`user` where 1=0;
2024-10-06T23:38:45.075+09:00  INFO 18671 --- [main] p6spy                                    : #1728225525075 | took 65ms | statement | connection 1| url jdbc:mysql://for-a.c1k4eskqyxui.ap-northeast-2.rds.amazonaws.com/forA?serverTimezone=Asia/Seoul&characterEncoding=UTF-8
select * from `forA`.`comment` where 1=0
select * from `forA`.`comment` where 1=0;
2024-10-06T23:38:45.127+09:00  INFO 18671 --- [main] p6spy                                    : #1728225525127 | took 13ms | statement | connection 1| url jdbc:mysql://for-a.c1k4eskqyxui.ap-northeast-2.rds.amazonaws.com/forA?serverTimezone=Asia/Seoul&characterEncoding=UTF-8
select * from `forA`.`post` where 1=0
select * from `forA`.`post` where 1=0;
2024-10-06T23:38:45.151+09:00  INFO 18671 --- [main] p6spy                                    : #1728225525151 | took 11ms | statement | connection 1| url jdbc:mysql://for-a.c1k4eskqyxui.ap-northeast-2.rds.amazonaws.com/forA?serverTimezone=Asia/Seoul&characterEncoding=UTF-8
select * from `forA`.`user` where 1=0
select * from `forA`.`user` where 1=0;
2024-10-06T23:38:45.197+09:00  INFO 18671 --- [main] p6spy                                    : #1728225525197 | took 9ms | statement | connection 1| url jdbc:mysql://for-a.c1k4eskqyxui.ap-northeast-2.rds.amazonaws.com/forA?serverTimezone=Asia/Seoul&characterEncoding=UTF-8
select * from `forA`.`comment` where 1=0
select * from `forA`.`comment` where 1=0;
2024-10-06T23:38:45.224+09:00  INFO 18671 --- [main] p6spy                                    : #1728225525224 | took 16ms | statement | connection 1| url jdbc:mysql://for-a.c1k4eskqyxui.ap-northeast-2.rds.amazonaws.com/forA?serverTimezone=Asia/Seoul&characterEncoding=UTF-8
select * from `forA`.`user` where 1=0
select * from `forA`.`user` where 1=0;
2024-10-06T23:38:45.265+09:00  INFO 18671 --- [main] p6spy                                    : #1728225525265 | took 9ms | statement | connection 1| url jdbc:mysql://for-a.c1k4eskqyxui.ap-northeast-2.rds.amazonaws.com/forA?serverTimezone=Asia/Seoul&characterEncoding=UTF-8
select * from `forA`.`hospital` where 1=0
select * from `forA`.`hospital` where 1=0;
2024-10-06T23:38:45.300+09:00  INFO 18671 --- [main] p6spy                                    : #1728225525300 | took 9ms | statement | connection 1| url jdbc:mysql://for-a.c1k4eskqyxui.ap-northeast-2.rds.amazonaws.com/forA?serverTimezone=Asia/Seoul&characterEncoding=UTF-8
select * from `forA`.`hospital` where 1=0
select * from `forA`.`hospital` where 1=0;
2024-10-06T23:38:45.674+09:00  INFO 18671 --- [main] p6spy                                    : #1728225525674 | took 360ms | statement | connection 1| url jdbc:mysql://for-a.c1k4eskqyxui.ap-northeast-2.rds.amazonaws.com/forA?serverTimezone=Asia/Seoul&characterEncoding=UTF-8
select * from `forA`.`user` where 1=0
select * from `forA`.`user` where 1=0;
2024-10-06T23:38:45.733+09:00  INFO 18671 --- [main] p6spy                                    : #1728225525733 | took 13ms | statement | connection 1| url jdbc:mysql://for-a.c1k4eskqyxui.ap-northeast-2.rds.amazonaws.com/forA?serverTimezone=Asia/Seoul&characterEncoding=UTF-8
select * from `forA`.`hospital_evaluation_question` where 1=0
select * from `forA`.`hospital_evaluation_question` where 1=0;
2024-10-06T23:38:45.766+09:00  INFO 18671 --- [main] p6spy                                    : #1728225525766 | took 17ms | statement | connection 1| url jdbc:mysql://for-a.c1k4eskqyxui.ap-northeast-2.rds.amazonaws.com/forA?serverTimezone=Asia/Seoul&characterEncoding=UTF-8
select * from `forA`.`hospital_evaluation_review` where 1=0
select * from `forA`.`hospital_evaluation_review` where 1=0;
2024-10-06T23:38:45.813+09:00  INFO 18671 --- [main] p6spy                                    : #1728225525813 | took 18ms | statement | connection 1| url jdbc:mysql://for-a.c1k4eskqyxui.ap-northeast-2.rds.amazonaws.com/forA?serverTimezone=Asia/Seoul&characterEncoding=UTF-8
select * from `forA`.`hospital` where 1=0
select * from `forA`.`hospital` where 1=0;
2024-10-06T23:38:45.848+09:00  INFO 18671 --- [main] p6spy                                    : #1728225525848 | took 21ms | statement | connection 1| url jdbc:mysql://for-a.c1k4eskqyxui.ap-northeast-2.rds.amazonaws.com/forA?serverTimezone=Asia/Seoul&characterEncoding=UTF-8
select * from `forA`.`user` where 1=0
select * from `forA`.`user` where 1=0;
2024-10-06T23:38:45.892+09:00  INFO 18671 --- [main] p6spy                                    : #1728225525892 | took 12ms | statement | connection 1| url jdbc:mysql://for-a.c1k4eskqyxui.ap-northeast-2.rds.amazonaws.com/forA?serverTimezone=Asia/Seoul&characterEncoding=UTF-8
select * from `forA`.`doctor` where 1=0
select * from `forA`.`doctor` where 1=0;
2024-10-06T23:38:45.987+09:00  INFO 18671 --- [main] p6spy                                    : #1728225525987 | took 77ms | statement | connection 1| url jdbc:mysql://for-a.c1k4eskqyxui.ap-northeast-2.rds.amazonaws.com/forA?serverTimezone=Asia/Seoul&characterEncoding=UTF-8
select * from `forA`.`hospital` where 1=0
select * from `forA`.`hospital` where 1=0;
2024-10-06T23:38:46.028+09:00  INFO 18671 --- [main] p6spy                                    : #1728225526028 | took 23ms | statement | connection 1| url jdbc:mysql://for-a.c1k4eskqyxui.ap-northeast-2.rds.amazonaws.com/forA?serverTimezone=Asia/Seoul&characterEncoding=UTF-8
select * from `forA`.`user` where 1=0
select * from `forA`.`user` where 1=0;
2024-10-06T23:38:46.064+09:00  INFO 18671 --- [main] p6spy                                    : #1728225526064 | took 10ms | statement | connection 1| url jdbc:mysql://for-a.c1k4eskqyxui.ap-northeast-2.rds.amazonaws.com/forA?serverTimezone=Asia/Seoul&characterEncoding=UTF-8
select * from `forA`.`hospital_receipt_review` where 1=0
select * from `forA`.`hospital_receipt_review` where 1=0;
2024-10-06T23:38:46.088+09:00  INFO 18671 --- [main] p6spy                                    : #1728225526088 | took 10ms | statement | connection 1| url jdbc:mysql://for-a.c1k4eskqyxui.ap-northeast-2.rds.amazonaws.com/forA?serverTimezone=Asia/Seoul&characterEncoding=UTF-8
select * from `forA`.`user` where 1=0
select * from `forA`.`user` where 1=0;
2024-10-06T23:38:46.126+09:00  INFO 18671 --- [main] p6spy                                    : #1728225526126 | took 9ms | statement | connection 1| url jdbc:mysql://for-a.c1k4eskqyxui.ap-northeast-2.rds.amazonaws.com/forA?serverTimezone=Asia/Seoul&characterEncoding=UTF-8
select * from `forA`.`medicine` where 1=0
select * from `forA`.`medicine` where 1=0;
2024-10-06T23:38:46.147+09:00  INFO 18671 --- [main] p6spy                                    : #1728225526147 | took 9ms | statement | connection 1| url jdbc:mysql://for-a.c1k4eskqyxui.ap-northeast-2.rds.amazonaws.com/forA?serverTimezone=Asia/Seoul&characterEncoding=UTF-8
select * from `forA`.`user` where 1=0
select * from `forA`.`user` where 1=0;
2024-10-06T23:38:46.190+09:00  INFO 18671 --- [main] p6spy                                    : #1728225526190 | took 11ms | statement | connection 1| url jdbc:mysql://for-a.c1k4eskqyxui.ap-northeast-2.rds.amazonaws.com/forA?serverTimezone=Asia/Seoul&characterEncoding=UTF-8
select * from `forA`.`medicine_review` where 1=0
select * from `forA`.`medicine_review` where 1=0;
2024-10-06T23:38:46.292+09:00  INFO 18671 --- [main] p6spy                                    : #1728225526292 | took 10ms | statement | connection 1| url jdbc:mysql://for-a.c1k4eskqyxui.ap-northeast-2.rds.amazonaws.com/forA?serverTimezone=Asia/Seoul&characterEncoding=UTF-8
select * from `forA`.`medicine` where 1=0
select * from `forA`.`medicine` where 1=0;
2024-10-06T23:38:46.338+09:00  INFO 18671 --- [main] p6spy                                    : #1728225526338 | took 11ms | statement | connection 1| url jdbc:mysql://for-a.c1k4eskqyxui.ap-northeast-2.rds.amazonaws.com/forA?serverTimezone=Asia/Seoul&characterEncoding=UTF-8
select * from `forA`.`medicine` where 1=0
select * from `forA`.`medicine` where 1=0;
2024-10-06T23:38:46.380+09:00  INFO 18671 --- [main] p6spy                                    : #1728225526380 | took 11ms | statement | connection 1| url jdbc:mysql://for-a.c1k4eskqyxui.ap-northeast-2.rds.amazonaws.com/forA?serverTimezone=Asia/Seoul&characterEncoding=UTF-8
select * from `forA`.`medicine` where 1=0
select * from `forA`.`medicine` where 1=0;
2024-10-06T23:38:46.426+09:00  INFO 18671 --- [main] p6spy                                    : #1728225526426 | took 21ms | statement | connection 1| url jdbc:mysql://for-a.c1k4eskqyxui.ap-northeast-2.rds.amazonaws.com/forA?serverTimezone=Asia/Seoul&characterEncoding=UTF-8
select * from `forA`.`user` where 1=0
select * from `forA`.`user` where 1=0;
2024-10-06T23:38:46.474+09:00  INFO 18671 --- [main] p6spy                                    : #1728225526474 | took 9ms | statement | connection 1| url jdbc:mysql://for-a.c1k4eskqyxui.ap-northeast-2.rds.amazonaws.com/forA?serverTimezone=Asia/Seoul&characterEncoding=UTF-8
select * from `forA`.`user_privacy` where 1=0
select * from `forA`.`user_privacy` where 1=0;
2024-10-06T23:38:46.494+09:00  INFO 18671 --- [main] p6spy                                    : #1728225526494 | took 9ms | statement | connection 1| url jdbc:mysql://for-a.c1k4eskqyxui.ap-northeast-2.rds.amazonaws.com/forA?serverTimezone=Asia/Seoul&characterEncoding=UTF-8
select * from `forA`.`user_profile` where 1=0
select * from `forA`.`user_profile` where 1=0;
2024-10-06T23:38:46.559+09:00  INFO 18671 --- [main] p6spy                                    : #1728225526559 | took 12ms | statement | connection 1| url jdbc:mysql://for-a.c1k4eskqyxui.ap-northeast-2.rds.amazonaws.com/forA?serverTimezone=Asia/Seoul&characterEncoding=UTF-8
select * from `forA`.`medicine_review` where 1=0
select * from `forA`.`medicine_review` where 1=0;
2024-10-06T23:38:46.596+09:00  INFO 18671 --- [main] p6spy                                    : #1728225526596 | took 9ms | statement | connection 1| url jdbc:mysql://for-a.c1k4eskqyxui.ap-northeast-2.rds.amazonaws.com/forA?serverTimezone=Asia/Seoul&characterEncoding=UTF-8
select * from `forA`.`medicine_review` where 1=0
select * from `forA`.`medicine_review` where 1=0;
2024-10-06T23:38:46.619+09:00  INFO 18671 --- [main] p6spy                                    : #1728225526619 | took 12ms | statement | connection 1| url jdbc:mysql://for-a.c1k4eskqyxui.ap-northeast-2.rds.amazonaws.com/forA?serverTimezone=Asia/Seoul&characterEncoding=UTF-8
select * from `forA`.`user` where 1=0
select * from `forA`.`user` where 1=0;
2024-10-06T23:38:46.660+09:00  INFO 18671 --- [main] p6spy                                    : #1728225526660 | took 10ms | statement | connection 1| url jdbc:mysql://for-a.c1k4eskqyxui.ap-northeast-2.rds.amazonaws.com/forA?serverTimezone=Asia/Seoul&characterEncoding=UTF-8
select * from `forA`.`user` where 1=0
select * from `forA`.`user` where 1=0;
2024-10-06T23:38:46.713+09:00  INFO 18671 --- [main] p6spy                                    : #1728225526713 | took 20ms | statement | connection 1| url jdbc:mysql://for-a.c1k4eskqyxui.ap-northeast-2.rds.amazonaws.com/forA?serverTimezone=Asia/Seoul&characterEncoding=UTF-8
select * from `forA`.`user` where 1=0
select * from `forA`.`user` where 1=0;
2024-10-06T23:38:46.760+09:00  INFO 18671 --- [main] p6spy                                    : #1728225526760 | took 18ms | statement | connection 1| url jdbc:mysql://for-a.c1k4eskqyxui.ap-northeast-2.rds.amazonaws.com/forA?serverTimezone=Asia/Seoul&characterEncoding=UTF-8
select * from `forA`.`user` where 1=0
select * from `forA`.`user` where 1=0;
2024-10-06T23:38:46.805+09:00  INFO 18671 --- [main] p6spy                                    : #1728225526805 | took 11ms | statement | connection 1| url jdbc:mysql://for-a.c1k4eskqyxui.ap-northeast-2.rds.amazonaws.com/forA?serverTimezone=Asia/Seoul&characterEncoding=UTF-8
select * from `forA`.`post` where 1=0
select * from `forA`.`post` where 1=0;
2024-10-06T23:38:46.853+09:00  INFO 18671 --- [main] p6spy                                    : #1728225526853 | took 34ms | statement | connection 1| url jdbc:mysql://for-a.c1k4eskqyxui.ap-northeast-2.rds.amazonaws.com/forA?serverTimezone=Asia/Seoul&characterEncoding=UTF-8
select * from `forA`.`user` where 1=0
select * from `forA`.`user` where 1=0;
2024-10-06T23:38:46.891+09:00  INFO 18671 --- [main] p6spy                                    : #1728225526891 | took 9ms | statement | connection 1| url jdbc:mysql://for-a.c1k4eskqyxui.ap-northeast-2.rds.amazonaws.com/forA?serverTimezone=Asia/Seoul&characterEncoding=UTF-8
select * from `forA`.`post` where 1=0
select * from `forA`.`post` where 1=0;
2024-10-06T23:38:46.914+09:00  INFO 18671 --- [main] p6spy                                    : #1728225526914 | took 11ms | statement | connection 1| url jdbc:mysql://for-a.c1k4eskqyxui.ap-northeast-2.rds.amazonaws.com/forA?serverTimezone=Asia/Seoul&characterEncoding=UTF-8
select * from `forA`.`user` where 1=0
select * from `forA`.`user` where 1=0;
2024-10-06T23:38:46.961+09:00  INFO 18671 --- [main] p6spy                                    : #1728225526961 | took 14ms | statement | connection 1| url jdbc:mysql://for-a.c1k4eskqyxui.ap-northeast-2.rds.amazonaws.com/forA?serverTimezone=Asia/Seoul&characterEncoding=UTF-8
select * from `forA`.`user` where 1=0
select * from `forA`.`user` where 1=0;
2024-10-06T23:38:47.005+09:00  INFO 18671 --- [main] p6spy                                    : #1728225527005 | took 11ms | statement | connection 1| url jdbc:mysql://for-a.c1k4eskqyxui.ap-northeast-2.rds.amazonaws.com/forA?serverTimezone=Asia/Seoul&characterEncoding=UTF-8
select * from `forA`.`user` where 1=0
select * from `forA`.`user` where 1=0;
2024-10-06T23:38:47.051+09:00  INFO 18671 --- [main] p6spy                                    : #1728225527051 | took 15ms | statement | connection 1| url jdbc:mysql://for-a.c1k4eskqyxui.ap-northeast-2.rds.amazonaws.com/forA?serverTimezone=Asia/Seoul&characterEncoding=UTF-8
select * from `forA`.`user` where 1=0
select * from `forA`.`user` where 1=0;
2024-10-06T23:38:47.097+09:00  INFO 18671 --- [main] p6spy                                    : #1728225527097 | took 13ms | statement | connection 1| url jdbc:mysql://for-a.c1k4eskqyxui.ap-northeast-2.rds.amazonaws.com/forA?serverTimezone=Asia/Seoul&characterEncoding=UTF-8
select * from `forA`.`user` where 1=0
select * from `forA`.`user` where 1=0;
2024-10-06T23:38:47.161+09:00  INFO 18671 --- [main] p6spy                                    : #1728225527161 | took 8ms | statement | connection 1| url jdbc:mysql://for-a.c1k4eskqyxui.ap-northeast-2.rds.amazonaws.com/forA?serverTimezone=Asia/Seoul&characterEncoding=UTF-8
select * from `forA`.`push_notification_approval` where 1=0
select * from `forA`.`push_notification_approval` where 1=0;
2024-10-06T23:38:47.196+09:00  INFO 18671 --- [main] p6spy                                    : #1728225527196 | took 22ms | statement | connection 1| url jdbc:mysql://for-a.c1k4eskqyxui.ap-northeast-2.rds.amazonaws.com/forA?serverTimezone=Asia/Seoul&characterEncoding=UTF-8
select * from `forA`.`user` where 1=0
select * from `forA`.`user` where 1=0;
2024-10-06T23:38:47.240+09:00  INFO 18671 --- [main] p6spy                                    : #1728225527240 | took 11ms | statement | connection 1| url jdbc:mysql://for-a.c1k4eskqyxui.ap-northeast-2.rds.amazonaws.com/forA?serverTimezone=Asia/Seoul&characterEncoding=UTF-8
select * from `forA`.`terms` where 1=0
select * from `forA`.`terms` where 1=0;
2024-10-06T23:38:47.264+09:00  INFO 18671 --- [main] p6spy                                    : #1728225527264 | took 9ms | statement | connection 1| url jdbc:mysql://for-a.c1k4eskqyxui.ap-northeast-2.rds.amazonaws.com/forA?serverTimezone=Asia/Seoul&characterEncoding=UTF-8
select * from `forA`.`user` where 1=0
select * from `forA`.`user` where 1=0;
2024-10-06T23:38:47.271+09:00  INFO 18671 --- [main] j.LocalContainerEntityManagerFactoryBean : Initialized JPA EntityManagerFactory for persistence unit 'default'
2024-10-06T23:38:47.532+09:00  INFO 18671 --- [main] o.s.d.j.r.query.QueryEnhancerFactory     : Hibernate is in classpath; If applicable, HQL parser will be used.
2024-10-06T23:38:48.693+09:00  INFO 18671 --- [main] o.s.boot.web.servlet.RegistrationBean    : Filter loginAuthenticationFilterRegistrationBean was not registered (disabled)
2024-10-06T23:38:48.694+09:00  INFO 18671 --- [main] o.s.boot.web.servlet.RegistrationBean    : Filter jwtAuthenticationFilterRegistrationBean was not registered (disabled)
2024-10-06T23:38:48.714+09:00 DEBUG 18671 --- [main] c.p.f.g.filter.RequestWrapperFilter      : Filter 'requestWrapperFilter' configured for use
2024-10-06T23:38:48.785+09:00  WARN 18671 --- [main] JpaBaseConfiguration$JpaWebConfiguration : spring.jpa.open-in-view is enabled by default. Therefore, database queries may be performed during view rendering. Explicitly configure spring.jpa.open-in-view to disable this warning
2024-10-06T23:38:50.904+09:00  INFO 18671 --- [main] o.s.s.web.DefaultSecurityFilterChain     : Will secure any request with [org.springframework.security.web.session.DisableEncodeUrlFilter@39d94159, org.springframework.security.web.context.request.async.WebAsyncManagerIntegrationFilter@ef6f5c3, org.springframework.security.web.context.SecurityContextHolderFilter@537bdff0, org.springframework.security.web.header.HeaderWriterFilter@1fe956e8, org.springframework.web.filter.CorsFilter@5dfeb2e3, org.springframework.security.web.authentication.logout.LogoutFilter@3e6dd474, org.springframework.security.oauth2.client.web.OAuth2AuthorizationRequestRedirectFilter@3005644e, org.springframework.security.oauth2.client.web.OAuth2LoginAuthenticationFilter@737405e3, com.project.foradhd.domain.auth.filter.LoginAuthenticationFilter@63e64235, com.project.foradhd.domain.auth.filter.JwtAuthenticationFilter@6243e46f, org.springframework.security.web.savedrequest.RequestCacheAwareFilter@13f124a, org.springframework.security.web.servletapi.SecurityContextHolderAwareRequestFilter@2d21b460, org.springframework.security.web.authentication.AnonymousAuthenticationFilter@54a0f09d, org.springframework.security.web.session.SessionManagementFilter@7a217059, org.springframework.security.web.access.ExceptionTranslationFilter@2a450fe, org.springframework.security.web.access.intercept.AuthorizationFilter@7f8c7c3b]
2024-10-06T23:38:51.321+09:00  INFO 18671 --- [main] o.s.b.w.embedded.tomcat.TomcatWebServer  : Tomcat started on port 8080 (http) with context path ''
2024-10-06T23:38:51.321+09:00  INFO 18671 --- [main] u.j.c.RefreshScopeRefreshedEventListener : Refreshing cached encryptable property sources on ServletWebServerInitializedEvent
2024-10-06T23:38:51.321+09:00  INFO 18671 --- [main] CachingDelegateEncryptablePropertySource : Property Source systemProperties refreshed
2024-10-06T23:38:51.321+09:00  INFO 18671 --- [main] CachingDelegateEncryptablePropertySource : Property Source systemEnvironment refreshed
2024-10-06T23:38:51.321+09:00  INFO 18671 --- [main] CachingDelegateEncryptablePropertySource : Property Source random refreshed
2024-10-06T23:38:51.321+09:00  INFO 18671 --- [main] CachingDelegateEncryptablePropertySource : Property Source cachedrandom refreshed
2024-10-06T23:38:51.321+09:00  INFO 18671 --- [main] CachingDelegateEncryptablePropertySource : Property Source springCloudClientHostInfo refreshed
2024-10-06T23:38:51.322+09:00  INFO 18671 --- [main] CachingDelegateEncryptablePropertySource : Property Source Config resource 'class path resource [application.yml]' via location 'optional:classpath:/' (document #3) refreshed
2024-10-06T23:38:51.322+09:00  INFO 18671 --- [main] CachingDelegateEncryptablePropertySource : Property Source Config resource 'class path resource [application-oauth2.yml]' via location 'application-oauth2.yml' refreshed
2024-10-06T23:38:51.322+09:00  INFO 18671 --- [main] CachingDelegateEncryptablePropertySource : Property Source Config resource 'class path resource [application.yml]' via location 'optional:classpath:/' (document #0) refreshed
2024-10-06T23:38:51.322+09:00  INFO 18671 --- [main] c.u.j.EncryptablePropertySourceConverter : Skipping PropertySource configurationProperties [class org.springframework.boot.context.properties.source.ConfigurationPropertySourcesPropertySource
2024-10-06T23:38:51.322+09:00  INFO 18671 --- [main] c.u.j.EncryptablePropertySourceConverter : Skipping PropertySource servletConfigInitParams [class org.springframework.core.env.PropertySource$StubPropertySource
2024-10-06T23:38:51.322+09:00  INFO 18671 --- [main] c.u.j.EncryptablePropertySourceConverter : Converting PropertySource servletContextInitParams [org.springframework.web.context.support.ServletContextPropertySource] to EncryptableEnumerablePropertySourceWrapper
2024-10-06T23:38:51.333+09:00  INFO 18671 --- [main] com.project.foradhd.ForadhdApplication   : Started ForadhdApplication in 15.081 seconds (process running for 16.28)
2024-10-06T23:39:07.325+09:00  INFO 18671 --- [http-nio-8080-exec-2] o.a.c.c.C.[Tomcat].[localhost].[/]       : Initializing Spring DispatcherServlet 'dispatcherServlet'
2024-10-06T23:39:07.325+09:00  INFO 18671 --- [http-nio-8080-exec-2] o.s.web.servlet.DispatcherServlet        : Initializing Servlet 'dispatcherServlet'
2024-10-06T23:39:07.328+09:00  INFO 18671 --- [http-nio-8080-exec-2] o.s.web.servlet.DispatcherServlet        : Completed initialization in 3 ms
2024-10-06T23:39:07.375+09:00 ERROR 18671 --- [http-nio-8080-exec-2] c.p.f.d.a.b.service.impl.JwtServiceImpl  : The specified JWT is a Claims JWT and the Claims has an expiration time before the time this method is invoked.
2024-10-06T23:39:07.381+09:00 ERROR 18671 --- [http-nio-8080-exec-2] .f.d.a.h.JwtAuthenticationFailureHandler : Authentication Fail: Full authentication is required to access this resource
2024-10-06T23:41:15.994+09:00  INFO 18671 --- [http-nio-8080-exec-4] c.p.f.d.a.f.LoginAuthenticationFilter    : [REQUEST]
API : POST /api/v1/auth/login
ClientIp : 0:0:0:0:0:0:0:1
Body : {"username":"leeseohyun01@naver.com","password":"abcd1234!"}

2024-10-06T23:41:16.314+09:00  INFO 18671 --- [http-nio-8080-exec-4] p6spy                                    : #1728225676314 | took 10ms | statement | connection 2| url jdbc:mysql://for-a.c1k4eskqyxui.ap-northeast-2.rds.amazonaws.com/forA?serverTimezone=Asia/Seoul&characterEncoding=UTF-8
select u1_0.user_id,u1_0.created_at,u1_0.deleted,u1_0.deleted_at,u1_0.email,u1_0.is_verified_email,u1_0.last_modified_at,u1_0.role from user u1_0 where u1_0.email=?
select u1_0.user_id,u1_0.created_at,u1_0.deleted,u1_0.deleted_at,u1_0.email,u1_0.is_verified_email,u1_0.last_modified_at,u1_0.role from user u1_0 where u1_0.email='leeseohyun01@naver.com';
2024-10-06T23:41:16.339+09:00  INFO 18671 --- [http-nio-8080-exec-4] p6spy                                    : #1728225676339 | took 9ms | statement | connection 3| url jdbc:mysql://for-a.c1k4eskqyxui.ap-northeast-2.rds.amazonaws.com/forA?serverTimezone=Asia/Seoul&characterEncoding=UTF-8
select ap1_0.auth_password_id,ap1_0.created_at,ap1_0.last_modified_at,ap1_0.password,ap1_0.user_id from auth_password ap1_0 where ap1_0.user_id=?
select ap1_0.auth_password_id,ap1_0.created_at,ap1_0.last_modified_at,ap1_0.password,ap1_0.user_id from auth_password ap1_0 where ap1_0.user_id='317b71e6a5ea414787f6bfac6211cf9f';
2024-10-06T23:41:16.482+09:00 DEBUG 18671 --- [http-nio-8080-exec-4] c.p.f.d.a.f.LoginAuthenticationFilter    : Set SecurityContextHolder to UsernamePasswordAuthenticationToken [Principal=com.project.foradhd.domain.auth.business.userdetails.impl.UserDetailsImpl [Username=leeseohyun01@naver.com, Password=[PROTECTED], Enabled=true, AccountNonExpired=true, CredentialsNonExpired=true, AccountNonLocked=true, Granted Authorities=[ROLE_USER]], Credentials=[PROTECTED], Authenticated=true, Details=null, Granted Authorities=[ROLE_USER]]
2024-10-06T23:41:17.179+09:00  INFO 18671 --- [http-nio-8080-exec-4] p6spy                                    : #1728225677179 | took 296ms | commit | connection 4| url jdbc:mysql://for-a.c1k4eskqyxui.ap-northeast-2.rds.amazonaws.com/forA?serverTimezone=Asia/Seoul&characterEncoding=UTF-8

;
2024-10-06T23:41:17.247+09:00  INFO 18671 --- [http-nio-8080-exec-4] p6spy                                    : #1728225677247 | took 11ms | statement | connection 5| url jdbc:mysql://for-a.c1k4eskqyxui.ap-northeast-2.rds.amazonaws.com/forA?serverTimezone=Asia/Seoul&characterEncoding=UTF-8
select u1_0.user_id,u1_0.created_at,u1_0.deleted,u1_0.deleted_at,u1_0.email,u1_0.is_verified_email,u1_0.last_modified_at,u1_0.role from user u1_0 where u1_0.user_id=?
select u1_0.user_id,u1_0.created_at,u1_0.deleted,u1_0.deleted_at,u1_0.email,u1_0.is_verified_email,u1_0.last_modified_at,u1_0.role from user u1_0 where u1_0.user_id='317b71e6a5ea414787f6bfac6211cf9f';
2024-10-06T23:41:17.287+09:00  INFO 18671 --- [http-nio-8080-exec-4] p6spy                                    : #1728225677287 | took 38ms | commit | connection 5| url jdbc:mysql://for-a.c1k4eskqyxui.ap-northeast-2.rds.amazonaws.com/forA?serverTimezone=Asia/Seoul&characterEncoding=UTF-8

;
2024-10-06T23:41:17.316+09:00  INFO 18671 --- [http-nio-8080-exec-4] .d.a.h.LoginAuthenticationSuccessHandler : [RESPONSE]
Status : 200 OK,
Body : {"accessToken":"eyJhbGciOiJIUzI1NiJ9.eyJzdWIiOiIzMTdiNzFlNmE1ZWE0MTQ3ODdmNmJmYWM2MjExY2Y5ZiIsImVtYWlsIjoibGVlc2VvaHl1bjAxQG5hdmVyLmNvbSIsImF1dGhvcml0aWVzIjoiUk9MRV9VU0VSIiwiaWF0IjoxNzI4MjI1Njc2LCJleHAiOjE3MjgyMjkyNzZ9.nWLFPX-CmkgkJiNzZCz-2mtrcIKoksKmB_OdGjVSRSI","refreshToken":"eyJhbGciOiJIUzI1NiJ9.eyJzdWIiOiIzMTdiNzFlNmE1ZWE0MTQ3ODdmNmJmYWM2MjExY2Y5ZiIsImlhdCI6MTcyODIyNTY3NiwiZXhwIjoxNzI4ODMwNDc2fQ.gza4Itg9LYM8mb-jsXxcSM64Ef1OavqDviNsXyt7MCE","hasVerifiedEmail":true}

2024-10-06T23:50:27.983+09:00  INFO 18671 --- [SpringApplicationShutdownHook] j.LocalContainerEntityManagerFactoryBean : Closing JPA EntityManagerFactory for persistence unit 'default'
2024-10-06T23:50:27.991+09:00  INFO 18671 --- [SpringApplicationShutdownHook] com.zaxxer.hikari.HikariDataSource       : HikariPool-1 - Shutdown initiated...
2024-10-06T23:50:28.154+09:00  INFO 18671 --- [SpringApplicationShutdownHook] com.zaxxer.hikari.HikariDataSource       : HikariPool-1 - Shutdown completed.
