2024-10-06T23:16:46.198+09:00 ERROR 17364 --- [main] o.s.boot.SpringApplication               : Application run failed

software.amazon.awssdk.core.exception.SdkClientException: Unable to load region from any of the providers in the chain software.amazon.awssdk.regions.providers.DefaultAwsRegionProviderChain@591fd34d: [software.amazon.awssdk.regions.providers.SystemSettingsRegionProvider@29a23c3d: Unable to load region from system settings. Region must be specified either via environment variable (AWS_REGION) or  system property (aws.region)., software.amazon.awssdk.regions.providers.AwsProfileRegionProvider@4b6ac111: No region provided in profile: default, software.amazon.awssdk.regions.providers.InstanceProfileRegionProvider@6fe46b62: Unable to contact EC2 metadata service.]
	at software.amazon.awssdk.core.exception.SdkClientException$BuilderImpl.build(SdkClientException.java:111)
	at software.amazon.awssdk.regions.providers.AwsRegionProviderChain.getRegion(AwsRegionProviderChain.java:70)
	at io.awspring.cloud.autoconfigure.config.AbstractAwsConfigDataLocationResolver.configure(AbstractAwsConfigDataLocationResolver.java:148)
	at io.awspring.cloud.autoconfigure.config.parameterstore.ParameterStoreConfigDataLocationResolver.createSimpleSystemManagementClient(ParameterStoreConfigDataLocationResolver.java:88)
	at org.springframework.boot.DefaultBootstrapContext.getInstance(DefaultBootstrapContext.java:119)
	at org.springframework.boot.DefaultBootstrapContext.getOrElseThrow(DefaultBootstrapContext.java:111)
	at org.springframework.boot.DefaultBootstrapContext.get(DefaultBootstrapContext.java:88)
	at io.awspring.cloud.autoconfigure.config.AbstractAwsConfigDataLocationResolver.lambda$registerAndPromoteBean$0(AbstractAwsConfigDataLocationResolver.java:76)
	at org.springframework.context.event.SimpleApplicationEventMulticaster.doInvokeListener(SimpleApplicationEventMulticaster.java:185)
	at org.springframework.context.event.SimpleApplicationEventMulticaster.invokeListener(SimpleApplicationEventMulticaster.java:178)
	at org.springframework.context.event.SimpleApplicationEventMulticaster.multicastEvent(SimpleApplicationEventMulticaster.java:156)
	at org.springframework.context.event.SimpleApplicationEventMulticaster.multicastEvent(SimpleApplicationEventMulticaster.java:138)
	at org.springframework.boot.DefaultBootstrapContext.close(DefaultBootstrapContext.java:133)
	at org.springframework.boot.SpringApplication.prepareContext(SpringApplication.java:402)
	at org.springframework.boot.SpringApplication.run(SpringApplication.java:333)
	at org.springframework.boot.SpringApplication.run(SpringApplication.java:1354)
	at org.springframework.boot.SpringApplication.run(SpringApplication.java:1343)
	at com.project.foradhd.ForadhdApplication.main(ForadhdApplication.java:10)

2024-10-06T23:39:07.375+09:00 ERROR 18671 --- [http-nio-8080-exec-2] c.p.f.d.a.b.service.impl.JwtServiceImpl  : The specified JWT is a Claims JWT and the Claims has an expiration time before the time this method is invoked.
2024-10-06T23:39:07.381+09:00 ERROR 18671 --- [http-nio-8080-exec-2] .f.d.a.h.JwtAuthenticationFailureHandler : Authentication Fail: Full authentication is required to access this resource
